<?xml version="1.0" encoding="UTF-8"?>
<!-- Generated by org.testng.reporters.JUnitReportReporter -->
<testsuite hostname="DESKTOP-H0PI4DT" failures="0" tests="1" name="recap.ClockApp" time="1.121" errors="0" timestamp="2023-03-28T15:42:42 IST" skipped="0">
  <testcase classname="recap.ClockApp" name="verifyDateTest" time="1.121"/>
</testsuite> <!-- recap.ClockApp -->
