<?xml version="1.0" encoding="UTF-8"?>
<!-- Generated by org.testng.reporters.JUnitReportReporter -->
<testsuite hostname="DESKTOP-H0PI4DT" failures="0" tests="1" name="virtualDevice.ClockApp" time="0.020" errors="0" timestamp="2023-03-27T16:00:20 IST" skipped="0">
  <testcase classname="virtualDevice.ClockApp" name="verifyAppTest" time="0.020"/>
</testsuite> <!-- virtualDevice.ClockApp -->
