<?xml version="1.0" encoding="UTF-8"?>
<!-- Generated by org.testng.reporters.JUnitReportReporter -->
<testsuite hostname="DESKTOP-H0PI4DT" failures="0" tests="1" name="recap.CalculatorApp" time="8.363" errors="0" timestamp="2023-03-28T15:31:32 IST" skipped="0">
  <testcase classname="recap.CalculatorApp" name="verifySubTest" time="8.363"/>
</testsuite> <!-- recap.CalculatorApp -->
