<?xml version="1.0" encoding="UTF-8"?>
<!-- Generated by org.testng.reporters.JUnitReportReporter -->
<testsuite hostname="DESKTOP-H0PI4DT" failures="0" tests="4" name="recap.CalculatorApp" time="32.685" errors="0" timestamp="2023-03-28T15:49:20 IST" skipped="0">
  <testcase classname="recap.CalculatorApp" name="verifyDivTest" time="9.005"/>
  <testcase classname="recap.CalculatorApp" name="verifySubTest" time="7.788"/>
  <testcase classname="recap.CalculatorApp" name="verifyAddTest" time="8.630"/>
  <testcase classname="recap.CalculatorApp" name="verifyMulTest" time="7.262"/>
</testsuite> <!-- recap.CalculatorApp -->
